[debug] [2026-05-11T09:06:28.214Z] ----------------------------------------------------------------------
[debug] [2026-05-11T09:06:28.220Z] Command:       C:\Program Files\nodejs\node.exe C:\Users\Chetna\AppData\Roaming\npm\node_modules\firebase-tools\lib\bin\firebase.js projects:list
[debug] [2026-05-11T09:06:28.221Z] CLI Version:   15.17.0
[debug] [2026-05-11T09:06:28.221Z] Platform:      win32
[debug] [2026-05-11T09:06:28.221Z] Node Version:  v22.17.1
[debug] [2026-05-11T09:06:28.222Z] Time:          Mon May 11 2026 14:36:28 GMT+0530 (India Standard Time)
[debug] [2026-05-11T09:06:28.222Z] ----------------------------------------------------------------------
[debug] 
[debug] [2026-05-11T09:06:28.693Z] > command requires scopes: ["email","openid","https://www.googleapis.com/auth/cloudplatformprojects.readonly","https://www.googleapis.com/auth/firebase","https://www.googleapis.com/auth/cloud-platform"]
[debug] [2026-05-11T09:06:28.693Z] > authorizing via signed-in user (avigma.niraljain@gmail.com)
[debug] [2026-05-11T09:06:28.700Z] Checked if tokens are valid: false, expires at: 1754647142747
[debug] [2026-05-11T09:06:28.701Z] Checked if tokens are valid: false, expires at: 1754647142747
[debug] [2026-05-11T09:06:28.701Z] > refreshing access token with scopes: []
[debug] [2026-05-11T09:06:28.703Z] >>> [apiv2][query] POST https://www.googleapis.com/oauth2/v3/token [none]
[debug] [2026-05-11T09:06:28.704Z] >>> [apiv2][body] POST https://www.googleapis.com/oauth2/v3/token [omitted]
[debug] [2026-05-11T09:06:29.041Z] <<< [apiv2][status] POST https://www.googleapis.com/oauth2/v3/token 400
[debug] [2026-05-11T09:06:29.041Z] <<< [apiv2][body] POST https://www.googleapis.com/oauth2/v3/token [omitted]
[debug] [2026-05-11T09:06:29.042Z] >>> [apiv2][query] GET https://firebase.googleapis.com/v1beta1/projects pageSize=1000
[debug] [2026-05-11T09:06:29.410Z] <<< [apiv2][status] GET https://firebase.googleapis.com/v1beta1/projects 401
[debug] [2026-05-11T09:06:29.410Z] <<< [apiv2][body] GET https://firebase.googleapis.com/v1beta1/projects [omitted]
[debug] [2026-05-11T09:06:29.410Z] Got a 401 Unauthenticated error for a call that required authentication. Refreshing tokens.
[debug] [2026-05-11T09:06:29.410Z] Checked if tokens are valid: false, expires at: 1754647142747
[debug] [2026-05-11T09:06:29.410Z] Checked if tokens are valid: false, expires at: 1754647142747
[debug] [2026-05-11T09:06:29.410Z] > refreshing access token with scopes: []
[debug] [2026-05-11T09:06:29.411Z] >>> [apiv2][query] POST https://www.googleapis.com/oauth2/v3/token [none]
[debug] [2026-05-11T09:06:29.411Z] >>> [apiv2][body] POST https://www.googleapis.com/oauth2/v3/token [omitted]
[debug] [2026-05-11T09:06:29.523Z] <<< [apiv2][status] POST https://www.googleapis.com/oauth2/v3/token 400
[debug] [2026-05-11T09:06:29.524Z] <<< [apiv2][body] POST https://www.googleapis.com/oauth2/v3/token [omitted]
[debug] [2026-05-11T09:06:29.525Z] Request to https://firebase.googleapis.com/v1beta1/projects?pageSize=1000 had HTTP Error: 401, Request had invalid authentication credentials. Expected OAuth 2 access token, login cookie or other valid authentication credential. See https://developers.google.com/identity/sign-in/web/devconsole-project.
[debug] [2026-05-11T09:06:29.816Z] FirebaseError: Request to https://firebase.googleapis.com/v1beta1/projects?pageSize=1000 had HTTP Error: 401, Request had invalid authentication credentials. Expected OAuth 2 access token, login cookie or other valid authentication credential. See https://developers.google.com/identity/sign-in/web/devconsole-project.
    at responseToError (C:\Users\Chetna\AppData\Roaming\npm\node_modules\firebase-tools\lib\responseToError.js:53:12)
    at RetryOperation._fn (C:\Users\Chetna\AppData\Roaming\npm\node_modules\firebase-tools\lib\apiv2.js:333:77)
    at process.processTicksAndRejections (node:internal/process/task_queues:105:5)
[error] 
[error] Error: Failed to list Firebase projects. See firebase-debug.log for more info.
